Change Component Designator: Old Designator=C? New Designator=C14
Change Component Designator: Old Designator=C? New Designator=C17
Change Component Designator: Old Designator=C? New Designator=C19
Change Component Designator: Old Designator=C? New Designator=C55
Change Component Designator: Old Designator=C? New Designator=C56
Change Component Designator: Old Designator=C? New Designator=C57
Change Component Designator: Old Designator=C? New Designator=C59
Change Component Designator: Old Designator=CON? New Designator=CON1
Change Component Designator: Old Designator=CON? New Designator=CON2
Change Component Designator: Old Designator=CON? New Designator=CON3
Change Component Designator: Old Designator=CON? New Designator=CON4
Change Component Designator: Old Designator=CON? New Designator=CON5
Change Component Designator: Old Designator=CON? New Designator=CON6
Change Component Designator: Old Designator=CON? New Designator=CON7
Change Component Designator: Old Designator=D? New Designator=D6
Change Component Designator: Old Designator=D? New Designator=D7
Change Component Designator: Old Designator=D? New Designator=D8
Change Component Designator: Old Designator=D? New Designator=D9
Change Component Designator: Old Designator=D? New Designator=D10
Change Component Designator: Old Designator=D? New Designator=D11
Change Component Designator: Old Designator=D? New Designator=D12
Change Component Designator: Old Designator=D? New Designator=D13
Change Component Designator: Old Designator=L? New Designator=L1
Change Component Designator: Old Designator=R? New Designator=R17
Change Component Designator: Old Designator=R? New Designator=R18
Change Component Designator: Old Designator=R? New Designator=R19
Change Component Designator: Old Designator=R? New Designator=R20
Change Component Designator: Old Designator=R? New Designator=R28
Change Component Designator: Old Designator=R? New Designator=R29
Change Component Designator: Old Designator=R? New Designator=R30
Change Component Designator: Old Designator=R? New Designator=R31
Change Component Designator: Old Designator=REY? New Designator=REY1
Change Component Designator: Old Designator=REY? New Designator=REY2
Change Component Designator: Old Designator=REY? New Designator=REY3
Change Component Designator: Old Designator=REY? New Designator=REY4
Change Component Designator: Old Designator=REY? New Designator=REY5
Change Component Designator: Old Designator=REY? New Designator=REY6
Change Component Designator: Old Designator=U? New Designator=U1
Change Component Designator: Old Designator=U? New Designator=U5
Change Component Designator: Old Designator=U? New Designator=U7
