Added Component: Designator=R36(RESC0402)
Add component (AddParameter): Name = "Manufacturer"; Value = "Vishay"; VariantName = "[No Variations]"
Add component (AddParameter): Name = "Manufacturer_Part_Number"; Value = "CRCW040210K0FKEDC"; VariantName = "[No Variations]"
Add component (AddParameter): Name = "Parameter 1"; Value = ""; VariantName = "[No Variations]"
Added Component: Designator=R37(RESC0402)
Add component (AddParameter): Name = "Manufacturer"; Value = "Vishay"; VariantName = "[No Variations]"
Add component (AddParameter): Name = "Manufacturer_Part_Number"; Value = "CRCW040210K0FKEDC"; VariantName = "[No Variations]"
Add component (AddParameter): Name = "Parameter 1"; Value = ""; VariantName = "[No Variations]"
Added Pin To Net: NetName=+3.3V Pin=R36-1
Added Pin To Net: NetName=+3.3V Pin=R37-1
Added Pin To Net: NetName=NetR36_2 Pin=R36-2
Added Pin To Net: NetName=NetR36_2 Pin=U1-35
Added Pin To Net: NetName=NetR36_2 Pin=U7-15
Added Net: Name=NetR36_2
Added Pin To Net: NetName=NetR37_2 Pin=R37-2
Added Pin To Net: NetName=NetR37_2 Pin=U1-34
Added Pin To Net: NetName=NetR37_2 Pin=U7-14
Added Net: Name=NetR37_2
Added Member To Class: ClassName=MacSet-L-V2.0.0_3 Member=Component R36 10K
Added Member To Class: ClassName=MacSet-L-V2.0.0_3 Member=Component R37 10K
